[debug] [2026-04-07T11:15:01.824Z] ----------------------------------------------------------------------
[debug] [2026-04-07T11:15:01.828Z] Command:       C:\Program Files\nodejs\node.exe C:\Users\mahesh polamreddy\OneDrive\Desktop\BuildCraft project\buildcraft\node_modules\firebase-tools\lib\bin\firebase.js deploy --only firestore:rules
[debug] [2026-04-07T11:15:01.828Z] CLI Version:   14.27.0
[debug] [2026-04-07T11:15:01.829Z] Platform:      win32
[debug] [2026-04-07T11:15:01.829Z] Node Version:  v22.14.0
[debug] [2026-04-07T11:15:01.829Z] Time:          Tue Apr 07 2026 16:45:01 GMT+0530 (India Standard Time)
[debug] [2026-04-07T11:15:01.829Z] ----------------------------------------------------------------------
[debug] 
[debug] [2026-04-07T11:15:01.832Z] >>> [apiv2][query] GET https://firebase-public.firebaseio.com/cli.json [none]
[debug] [2026-04-07T11:15:02.161Z] > command requires scopes: ["email","openid","https://www.googleapis.com/auth/cloudplatformprojects.readonly","https://www.googleapis.com/auth/firebase","https://www.googleapis.com/auth/cloud-platform"]
[debug] [2026-04-07T11:15:02.303Z] Error: Could not load the default credentials. Browse to https://cloud.google.com/docs/authentication/getting-started for more information.
    at GoogleAuth.getApplicationDefaultAsync (C:\Users\mahesh polamreddy\OneDrive\Desktop\BuildCraft project\buildcraft\node_modules\google-auth-library\build\src\auth\googleauth.js:287:15)
    at process.processTicksAndRejections (node:internal/process/task_queues:105:5)
    at async GoogleAuth._GoogleAuth_determineClient (C:\Users\mahesh polamreddy\OneDrive\Desktop\BuildCraft project\buildcraft\node_modules\google-auth-library\build\src\auth\googleauth.js:834:32)
    at async GoogleAuth.getClient (C:\Users\mahesh polamreddy\OneDrive\Desktop\BuildCraft project\buildcraft\node_modules\google-auth-library\build\src\auth\googleauth.js:698:20)
    at async GoogleAuth.getAccessToken (C:\Users\mahesh polamreddy\OneDrive\Desktop\BuildCraft project\buildcraft\node_modules\google-auth-library\build\src\auth\googleauth.js:722:24)
    at async autoAuth (C:\Users\mahesh polamreddy\OneDrive\Desktop\BuildCraft project\buildcraft\node_modules\firebase-tools\lib\requireAuth.js:28:19)
    at async requireAuth (C:\Users\mahesh polamreddy\OneDrive\Desktop\BuildCraft project\buildcraft\node_modules\firebase-tools\lib\requireAuth.js:91:20)
    at async requirePermissions (C:\Users\mahesh polamreddy\OneDrive\Desktop\BuildCraft project\buildcraft\node_modules\firebase-tools\lib\requirePermissions.js:17:5)
    at async C:\Users\mahesh polamreddy\OneDrive\Desktop\BuildCraft project\buildcraft\node_modules\firebase-tools\lib\command.js:259:17
[error] 
[error] Error: Failed to authenticate, have you run firebase login?
[debug] [2026-04-07T11:15:02.571Z] Error: EBUSY: resource busy or locked, unlink 'C:\Users\mahesh polamreddy\OneDrive\Desktop\BuildCraft project\buildcraft\firebase-debug.log'
    at Object.unlinkSync (node:fs:1953:11)
    at process.<anonymous> (C:\Users\mahesh polamreddy\OneDrive\Desktop\BuildCraft project\buildcraft\node_modules\firebase-tools\lib\bin\cli.js:44:16)
    at process.emit (node:events:530:35)
    at process.exit (node:internal/process/per_thread:184:15)
    at Timeout._onTimeout (C:\Users\mahesh polamreddy\OneDrive\Desktop\BuildCraft project\buildcraft\node_modules\firebase-tools\lib\errorOut.js:20:17)
    at listOnTimeout (node:internal/timers:594:17)
    at process.processTimers (node:internal/timers:529:7)
[error] 
[error] Error: An unexpected error has occurred.
